d:\gameenginedevelopment\orgretemplatev2\orgretemplatev2\x64\debug\vc142.pdb
d:\gameenginedevelopment\orgretemplatev2\orgretemplatev2\x64\debug\vc142.idb
d:\gameenginedevelopment\orgretemplatev2\orgretemplatev2\x64\debug\game.obj
d:\gameenginedevelopment\orgretemplatev2\orgretemplatev2\x64\debug\bat.obj
d:\gameenginedevelopment\orgretemplatev2\orgretemplatev2\x64\debug\source.obj
d:\gameenginedevelopment\orgretemplatev2\orgretemplatev2\x64\debug\ball.obj
d:\gameenginedevelopment\orgretemplatev2\orgretemplatev2\x64\debug\resourcemanagerdemo.obj
d:\gameenginedevelopment\orgretemplatev2\orgretemplatev2\x64\debug\player.obj
d:\gameenginedevelopment\orgretemplatev2\orgretemplatev2\x64\debug\platform.obj
d:\gameenginedevelopment\orgretemplatev2\orgretemplatev2\x64\debug\physicsmanager.obj
d:\gameenginedevelopment\orgretemplatev2\orgretemplatev2\x64\debug\logicmanager.obj
d:\gameenginedevelopment\orgretemplatev2\orgretemplatev2\x64\debug\background.obj
d:\gameenginedevelopment\orgretemplatev2\orgretemplatev2\x64\debug\orgretemplatev2.tlog\cl.command.1.tlog
d:\gameenginedevelopment\orgretemplatev2\orgretemplatev2\x64\debug\orgretemplatev2.tlog\cl.read.1.tlog
d:\gameenginedevelopment\orgretemplatev2\orgretemplatev2\x64\debug\orgretemplatev2.tlog\cl.write.1.tlog
d:\gameenginedevelopment\orgretemplatev2\orgretemplatev2\x64\debug\orgretemplatev2.tlog\link-cvtres.read.1.tlog
d:\gameenginedevelopment\orgretemplatev2\orgretemplatev2\x64\debug\orgretemplatev2.tlog\link-cvtres.write.1.tlog
d:\gameenginedevelopment\orgretemplatev2\orgretemplatev2\x64\debug\orgretemplatev2.tlog\link-rc.read.1.tlog
d:\gameenginedevelopment\orgretemplatev2\orgretemplatev2\x64\debug\orgretemplatev2.tlog\link-rc.write.1.tlog
d:\gameenginedevelopment\orgretemplatev2\orgretemplatev2\x64\debug\orgretemplatev2.tlog\link.3184-cvtres.read.1.tlog
d:\gameenginedevelopment\orgretemplatev2\orgretemplatev2\x64\debug\orgretemplatev2.tlog\link.3184-cvtres.write.1.tlog
d:\gameenginedevelopment\orgretemplatev2\orgretemplatev2\x64\debug\orgretemplatev2.tlog\link.3184-rc.read.1.tlog
d:\gameenginedevelopment\orgretemplatev2\orgretemplatev2\x64\debug\orgretemplatev2.tlog\link.3184-rc.write.1.tlog
d:\gameenginedevelopment\orgretemplatev2\orgretemplatev2\x64\debug\orgretemplatev2.tlog\link.3184.read.1.tlog
d:\gameenginedevelopment\orgretemplatev2\orgretemplatev2\x64\debug\orgretemplatev2.tlog\link.3184.write.1.tlog
d:\gameenginedevelopment\orgretemplatev2\orgretemplatev2\x64\debug\orgretemplatev2.tlog\link.command.1.tlog
d:\gameenginedevelopment\orgretemplatev2\orgretemplatev2\x64\debug\orgretemplatev2.tlog\link.read.1.tlog
d:\gameenginedevelopment\orgretemplatev2\orgretemplatev2\x64\debug\orgretemplatev2.tlog\link.write.1.tlog
